This is pdfTeX, Version 3.14159265-2.6-1.40.16 (MiKTeX 2.9 64-bit) (preloaded format=pdflatex 2016.3.16)  7 MAY 2017 21:28
entering extended mode
**Rapport.tex
(Rapport.tex
LaTeX2e <2015/01/01> patch level 2
Babel <3.9m> and hyphenation patterns for 69 languages loaded.
("C:\Program Files\MiKTeX 2.9\tex\latex\base\article.cls"
Document Class: article 2014/09/29 v1.4h Standard LaTeX document class
("C:\Program Files\MiKTeX 2.9\tex\latex\base\size10.clo"
File: size10.clo 2014/09/29 v1.4h Standard LaTeX file (size option)
)
\c@part=\count79
\c@section=\count80
\c@subsection=\count81
\c@subsubsection=\count82
\c@paragraph=\count83
\c@subparagraph=\count84
\c@figure=\count85
\c@table=\count86
\abovecaptionskip=\skip41
\belowcaptionskip=\skip42
\bibindent=\dimen102
)
("C:\Program Files\MiKTeX 2.9\tex\latex\graphics\graphicx.sty"
Package: graphicx 2014/10/28 v1.0g Enhanced LaTeX Graphics (DPC,SPQR)

("C:\Program Files\MiKTeX 2.9\tex\latex\graphics\keyval.sty"
Package: keyval 2014/10/28 v1.15 key=value parser (DPC)
\KV@toks@=\toks14
)
("C:\Program Files\MiKTeX 2.9\tex\latex\graphics\graphics.sty"
Package: graphics 2014/10/28 v1.0p Standard LaTeX Graphics (DPC,SPQR)

("C:\Program Files\MiKTeX 2.9\tex\latex\graphics\trig.sty"
Package: trig 1999/03/16 v1.09 sin cos tan (DPC)
)
("C:\Program Files\MiKTeX 2.9\tex\latex\00miktex\graphics.cfg"
File: graphics.cfg 2007/01/18 v1.5 graphics configuration of teTeX/TeXLive
)
Package graphics Info: Driver file: pdftex.def on input line 94.

("C:\Program Files\MiKTeX 2.9\tex\latex\pdftex-def\pdftex.def"
File: pdftex.def 2011/05/27 v0.06d Graphics/color for pdfTeX

("C:\Program Files\MiKTeX 2.9\tex\generic\oberdiek\infwarerr.sty"
Package: infwarerr 2010/04/08 v1.3 Providing info/warning/error messages (HO)
)
("C:\Program Files\MiKTeX 2.9\tex\generic\oberdiek\ltxcmds.sty"
Package: ltxcmds 2011/11/09 v1.22 LaTeX kernel commands for general use (HO)
)
\Gread@gobject=\count87
))
\Gin@req@height=\dimen103
\Gin@req@width=\dimen104
)
("C:\Program Files\MiKTeX 2.9\tex\generic\babel\babel.sty"
Package: babel 2015/08/03 3.9m The Babel package

*************************************
* Local config file bblopts.cfg used
*
("C:\Program Files\MiKTeX 2.9\tex\latex\00miktex\bblopts.cfg"
File: bblopts.cfg 2006/07/31 v1.0 MiKTeX 'babel' configuration
)
("C:\Program Files\MiKTeX 2.9\tex\latex\babel-french\frenchb.ldf"
Language: frenchb 2016/02/13 v3.1l French support from the babel system

("C:\Program Files\MiKTeX 2.9\tex\generic\babel\babel.def"
File: babel.def 2015/08/03 3.9m Babel common definitions
\babel@savecnt=\count88
\U@D=\dimen105
)
\l@acadian = a dialect from \language\l@french 
\l@canadien = a dialect from \language\l@french 
\FBcolonskip=\skip43
\FBthinskip=\skip44
Package babel Info: Making : an active character on input line 342.
Package babel Info: Making ; an active character on input line 343.
Package babel Info: Making ! an active character on input line 344.
Package babel Info: Making ? an active character on input line 345.
\FBguillskip=\skip45
\FBguill@level=\count89
\FB@everypar=\toks15
\FB@Mht=\dimen106
\std@mcc=\count90
\dec@mcc=\count91
\listindentFB=\skip46
\labelwidthFB=\skip47
\leftmarginFB=\skip48
\parindentFFN=\dimen107
))
("C:\Program Files\MiKTeX 2.9\tex\latex\carlisle\scalefnt.sty")
("C:\Program Files\MiKTeX 2.9\tex\latex\base\fontenc.sty"
Package: fontenc 2005/09/27 v1.99g Standard LaTeX package

("C:\Program Files\MiKTeX 2.9\tex\latex\base\t1enc.def"
File: t1enc.def 2005/09/27 v1.99g Standard LaTeX file
LaTeX Font Info:    Redeclaring font encoding T1 on input line 48.
))
("C:\Program Files\MiKTeX 2.9\tex\latex\base\inputenc.sty"
Package: inputenc 2015/03/17 v1.2c Input encoding file
\inpenc@prehook=\toks16
\inpenc@posthook=\toks17

("C:\Program Files\MiKTeX 2.9\tex\latex\ucs\utf8x.def"
File: utf8x.def 2004/10/17 UCS: Input encoding UTF-8
))
("C:\Program Files\MiKTeX 2.9\tex\latex\ucs\ucs.sty"
Package: ucs 2013/05/11 v2.2 UCS: Unicode input support

("C:\Program Files\MiKTeX 2.9\tex\latex\ucs\uni-global.def"
File: uni-global.def 2013/05/13 UCS: Unicode global data
)
\uc@secondtry=\count92
\uc@combtoks=\toks18
\uc@combtoksb=\toks19
\uc@temptokena=\toks20
)
("C:\Program Files\MiKTeX 2.9\tex\latex\amsmath\amsmath.sty"
Package: amsmath 2013/01/14 v2.14 AMS math features
\@mathmargin=\skip49

For additional information on amsmath, use the `?' option.
("C:\Program Files\MiKTeX 2.9\tex\latex\amsmath\amstext.sty"
Package: amstext 2000/06/29 v2.01

("C:\Program Files\MiKTeX 2.9\tex\latex\amsmath\amsgen.sty"
File: amsgen.sty 1999/11/30 v2.0
\@emptytoks=\toks21
\ex@=\dimen108
))
("C:\Program Files\MiKTeX 2.9\tex\latex\amsmath\amsbsy.sty"
Package: amsbsy 1999/11/29 v1.2d
\pmbraise@=\dimen109
)
("C:\Program Files\MiKTeX 2.9\tex\latex\amsmath\amsopn.sty"
Package: amsopn 1999/12/14 v2.01 operator names
)
\inf@bad=\count93
LaTeX Info: Redefining \frac on input line 210.
\uproot@=\count94
\leftroot@=\count95
LaTeX Info: Redefining \overline on input line 306.
\classnum@=\count96
\DOTSCASE@=\count97
LaTeX Info: Redefining \ldots on input line 378.
LaTeX Info: Redefining \dots on input line 381.
LaTeX Info: Redefining \cdots on input line 466.
\Mathstrutbox@=\box26
\strutbox@=\box27
\big@size=\dimen110
LaTeX Font Info:    Redeclaring font encoding OML on input line 566.
LaTeX Font Info:    Redeclaring font encoding OMS on input line 567.
\macc@depth=\count98
\c@MaxMatrixCols=\count99
\dotsspace@=\muskip10
\c@parentequation=\count100
\dspbrk@lvl=\count101
\tag@help=\toks22
\row@=\count102
\column@=\count103
\maxfields@=\count104
\andhelp@=\toks23
\eqnshift@=\dimen111
\alignsep@=\dimen112
\tagshift@=\dimen113
\tagwidth@=\dimen114
\totwidth@=\dimen115
\lineht@=\dimen116
\@envbody=\toks24
\multlinegap=\skip50
\multlinetaggap=\skip51
\mathdisplay@stack=\toks25
LaTeX Info: Redefining \[ on input line 2665.
LaTeX Info: Redefining \] on input line 2666.
)
("C:\Program Files\MiKTeX 2.9\tex\latex\amsfonts\amssymb.sty"
Package: amssymb 2013/01/14 v3.01 AMS font symbols

("C:\Program Files\MiKTeX 2.9\tex\latex\amsfonts\amsfonts.sty"
Package: amsfonts 2013/01/14 v3.01 Basic AMSFonts support
\symAMSa=\mathgroup4
\symAMSb=\mathgroup5
LaTeX Font Info:    Overwriting math alphabet `\mathfrak' in version `bold'
(Font)                  U/euf/m/n --> U/euf/b/n on input line 106.
)) (Rapport.aux)
LaTeX Font Info:    Checking defaults for OML/cmm/m/it on input line 9.
LaTeX Font Info:    ... okay on input line 9.
LaTeX Font Info:    Checking defaults for T1/cmr/m/n on input line 9.
LaTeX Font Info:    ... okay on input line 9.
LaTeX Font Info:    Checking defaults for OT1/cmr/m/n on input line 9.
LaTeX Font Info:    ... okay on input line 9.
LaTeX Font Info:    Checking defaults for OMS/cmsy/m/n on input line 9.
LaTeX Font Info:    ... okay on input line 9.
LaTeX Font Info:    Checking defaults for OMX/cmex/m/n on input line 9.
LaTeX Font Info:    ... okay on input line 9.
LaTeX Font Info:    Checking defaults for U/cmr/m/n on input line 9.
LaTeX Font Info:    ... okay on input line 9.

("C:\Program Files\MiKTeX 2.9\tex\context\base\supp-pdf.mkii"
[Loading MPS to PDF converter (version 2006.09.02).]
\scratchcounter=\count105
\scratchdimen=\dimen117
\scratchbox=\box28
\nofMPsegments=\count106
\nofMParguments=\count107
\everyMPshowfont=\toks26
\MPscratchCnt=\count108
\MPscratchDim=\dimen118
\MPnumerator=\count109
\makeMPintoPDFobject=\count110
\everyMPtoPDFconversion=\toks27
)
LaTeX Info: Redefining \degres on input line 9.
LaTeX Info: Redefining \dots on input line 9.
LaTeX Info: Redefining \up on input line 9.
 ("C:\Program Files\MiKTeX 2.9\tex\latex\ucs\ucsencs.def"
File: ucsencs.def 2011/01/21 Fixes to fontencodings LGR, T3
)
("C:\Program Files\MiKTeX 2.9\tex\latex\ucs\uni-0.def"
File: uni-0.def 2013/05/13 UCS: Unicode data U+0000..U+00FF
)
<../images/TRY1.png, id=1, 120.45pt x 120.45pt>
File: ../images/TRY1.png Graphic file (type png)
 <use ../images/TRY1.png>
Package pdftex.def Info: ../images/TRY1.png used on input line 20.
(pdftex.def)             Requested size: 252.94508pt x 252.94508pt.

[1

{C:/Users/maxime/AppData/Local/MiKTeX/2.9/pdftex/config/pdftex.map} <../images/
TRY1.png>] (Rapport.toc
LaTeX Font Info:    Try loading font information for U+msa on input line 3.

("C:\Program Files\MiKTeX 2.9\tex\latex\amsfonts\umsa.fd"
File: umsa.fd 2013/01/14 v3.01 AMS symbols A
)
LaTeX Font Info:    Try loading font information for U+msb on input line 3.

("C:\Program Files\MiKTeX 2.9\tex\latex\amsfonts\umsb.fd"
File: umsb.fd 2013/01/14 v3.01 AMS symbols B
) [1

])
\tf@toc=\write3
 [2] [3

]
<../images/tableau.png, id=24, 1018.55531pt x 185.19188pt>
File: ../images/tableau.png Graphic file (type png)

<use ../images/tableau.png>
Package pdftex.def Info: ../images/tableau.png used on input line 58.
(pdftex.def)             Requested size: 611.13791pt x 111.11597pt.

Overfull \hbox (266.13791pt too wide) in paragraph at lines 58--59
 [] 
 []

[4] [5 <../images/tableau.png>]
("C:\Program Files\MiKTeX 2.9\tex\latex\ucs\uni-32.def"
File: uni-32.def 2013/05/13 UCS: Unicode data U+2000..U+20FF
) [6]
<../images/Astar01.png, id=37, 195.129pt x 72.27pt>
File: ../images/Astar01.png Graphic file (type png)

<use ../images/Astar01.png>
Package pdftex.def Info: ../images/Astar01.png used on input line 101.
(pdftex.def)             Requested size: 234.15361pt x 86.72354pt.

<../images/Astar02.png, id=38, 195.129pt x 72.27pt>
File: ../images/Astar02.png Graphic file (type png)

<use ../images/Astar02.png>
Package pdftex.def Info: ../images/Astar02.png used on input line 108.
(pdftex.def)             Requested size: 234.15361pt x 86.72354pt.
 [7 <../images/Astar01.png> <../images/Astar02.png>] <../images/Astar03.png, id
=44, 195.129pt x 72.27pt>
File: ../images/Astar03.png Graphic file (type png)

<use ../images/Astar03.png>
Package pdftex.def Info: ../images/Astar03.png used on input line 115.
(pdftex.def)             Requested size: 234.15361pt x 86.72354pt.
 [8 <../images/Astar03.png>] [9]
("C:\Program Files\MiKTeX 2.9\tex\latex\ucs\uni-1.def"
File: uni-1.def 2013/05/13 UCS: Unicode data U+0100..U+01FF
) [10]
<../images/GUIraces.png, id=57, 1201.48875pt x 682.55pt>
File: ../images/GUIraces.png Graphic file (type png)

<use ../images/GUIraces.png>
Package pdftex.def Info: ../images/GUIraces.png used on input line 167.
(pdftex.def)             Requested size: 180.21553pt x 102.37808pt.


LaTeX Warning: `h' float specifier changed to `ht'.

[11] <../images/GUIcompo.png, id=61, 1201.48875pt x 682.55pt>
File: ../images/GUIcompo.png Graphic file (type png)

<use ../images/GUIcompo.png>
Package pdftex.def Info: ../images/GUIcompo.png used on input line 192.
(pdftex.def)             Requested size: 180.21553pt x 102.37808pt.


LaTeX Warning: `h' float specifier changed to `ht'.

<../images/main.PNG, id=62, 904.88063pt x 536.0025pt>
File: ../images/main.PNG Graphic file (type png)
 <use ../images/main.PNG>
Package pdftex.def Info: ../images/main.PNG used on input line 202.
(pdftex.def)             Requested size: 180.97292pt x 107.1986pt.

[12 <../images/GUIraces.png (PNG copy)>] [13 <../images/GUIcompo.png (PNG copy)
> <../images/main.PNG>] [14] [15] [16]
<../webimg/index.PNG, id=80, 256.70906pt x 153.57375pt>
File: ../webimg/index.PNG Graphic file (type png)

<use ../webimg/index.PNG>
Package pdftex.def Info: ../webimg/index.PNG used on input line 258.
(pdftex.def)             Requested size: 256.70842pt x 153.57336pt.

<../webimg/but.png, id=81, 429.10312pt x 434.37282pt>
File: ../webimg/but.png Graphic file (type png)
 <use ../webimg/but.png>
Package pdftex.def Info: ../webimg/but.png used on input line 266.
(pdftex.def)             Requested size: 300.37013pt x 304.0589pt.


LaTeX Warning: `h' float specifier changed to `ht'.

[17 <../webimg/index.PNG>] [18 <../webimg/but.png>] [19]
Underfull \hbox (badness 10000) in paragraph at lines 297--298

 []

<../images/arbre1.png, id=94, 117.43875pt x 142.28156pt>
File: ../images/arbre1.png Graphic file (type png)

<use ../images/arbre1.png>
Package pdftex.def Info: ../images/arbre1.png used on input line 299.
(pdftex.def)             Requested size: 117.43845pt x 142.2812pt.

<../images/arbre2.png, id=95, 45.16875pt x 100.87688pt>
File: ../images/arbre2.png Graphic file (type png)

<use ../images/arbre2.png>
Package pdftex.def Info: ../images/arbre2.png used on input line 301.
(pdftex.def)             Requested size: 45.16862pt x 100.87662pt.
 [20 <../images/arbre1.png> <../images/arbre2.png>]
[21] (Rapport.aux) ) 
Here is how much of TeX's memory you used:
 4968 strings out of 493673
 61787 string characters out of 3143957
 120570 words of memory out of 3000000
 8257 multiletter control sequences out of 15000+200000
 14234 words of font info for 34 fonts, out of 3000000 for 9000
 1025 hyphenation exceptions out of 8191
 28i,7n,30p,1899b,581s stack positions out of 5000i,500n,10000p,200000b,50000s
 <C:\Users\maxime\AppData\Local\MiKTeX\2.9\fonts\pk\ljfour\
jknappen\ec\dpi600\ecti0700.pk> <C:\Users\maxime\AppData\Local\MiKTeX\2.9\fonts
\pk\ljfour\jknappen\ec\dpi600\ecrm0700.pk> <C:\Users\maxime\AppData\Local\MiKTe
X\2.9\fonts\pk\ljfour\jknappen\ec\dpi600\eccc1000.pk> <C:\Users\maxime\AppData\
Local\MiKTeX\2.9\fonts\pk\ljfour\jknappen\ec\dpi600\ecbx1200.pk> <C:\Users\maxi
me\AppData\Local\MiKTeX\2.9\fonts\pk\ljfour\jknappen\ec\dpi600\ecrm1000.pk> <C:
\Users\maxime\AppData\Local\MiKTeX\2.9\fonts\pk\ljfour\jknappen\ec\dpi600\ecbx1
000.pk> <C:\Users\maxime\AppData\Local\MiKTeX\2.9\fonts\pk\ljfour\jknappen\ec\d
pi600\ecbx1440.pk> <C:\Users\maxime\AppData\Local\MiKTeX\2.9\fonts\pk\ljfour\jk
nappen\ec\dpi600\ecti1000.pk> <C:\Users\maxime\AppData\Local\MiKTeX\2.9\fonts\p
k\ljfour\jknappen\ec\dpi600\ecrm2074.pk> <C:\Users\maxime\AppData\Local\MiKTeX\
2.9\fonts\pk\ljfour\jknappen\ec\dpi600\ecrm1440.pk>
Output written on Rapport.pdf (22 pages, 616338 bytes).
PDF statistics:
 476 PDF objects out of 1000 (max. 8388607)
 0 named destinations out of 1000 (max. 500000)
 61 words of extra memory for PDF output out of 10000 (max. 10000000)

